18990063wuxiao 03/app/build/intermediates/manifest_merge_blame_file/debug/manifest-merger-blame-debug-report.txt
1<?xml version="1.0" encoding="utf-8"?>
2<manifest xmlns:android="http://schemas.android.com/apk/res/android"
3    package="com.example.a18990063wuxiao"
4    android:versionCode="1"
5    android:versionName="1.0" >
6
7    <uses-sdk
8        android:minSdkVersion="16"
8-->src\main\AndroidManifest.xml
9        android:targetSdkVersion="30" />
9-->src\main\AndroidManifest.xml
10
11    <application
11-->src\main\AndroidManifest.xml:5:5-34:19
12        android:allowBackup="true"
12-->src\main\AndroidManifest.xml:6:9-35
13        android:appComponentFactory="androidx.core.app.CoreComponentFactory"
13-->[androidx.core:core:1.3.1] AndroidManifest.xml:24:18-86
14        android:debuggable="true"
15        android:icon="@mipmap/ic_launcher"
15-->src\main\AndroidManifest.xml:7:9-43
16        android:label="@string/app_name"
16-->src\main\AndroidManifest.xml:8:9-41
17        android:roundIcon="@mipmap/ic_launcher_round"
17-->src\main\AndroidManifest.xml:9:9-54
18        android:supportsRtl="true"
18-->src\main\AndroidManifest.xml:10:9-35
19        android:testOnly="true"
20        android:theme="@style/AppTheme" >
20-->src\main\AndroidManifest.xml:11:9-40
21        <activity
21-->src\main\AndroidManifest.xml:12:9-84
22            android:name="com.example.a18990063wuxiao.ShapeActivity"
22-->src\main\AndroidManifest.xml:12:19-48
23            android:exported="true" />
23-->src\main\AndroidManifest.xml:12:49-72
24        <activity
24-->src\main\AndroidManifest.xml:13:9-74
25            android:name="com.example.a18990063wuxiao.NineActivity"
25-->src\main\AndroidManifest.xml:13:19-47
26            android:exported="true" />
26-->src\main\AndroidManifest.xml:13:48-71
27        <activity
27-->src\main\AndroidManifest.xml:14:9-73
28            android:name="com.example.a18990063wuxiao.IconActivity"
28-->src\main\AndroidManifest.xml:14:19-47
29            android:exported="true" />
29-->src\main\AndroidManifest.xml:14:48-71
30        <activity
30-->src\main\AndroidManifest.xml:15:9-17:39
31            android:name="com.example.a18990063wuxiao.ImageScaleActivity"
31-->src\main\AndroidManifest.xml:16:13-47
32            android:exported="true" />
32-->src\main\AndroidManifest.xml:17:13-36
33        <activity
33-->src\main\AndroidManifest.xml:18:9-20:39
34            android:name="com.example.a18990063wuxiao.ClickActivity"
34-->src\main\AndroidManifest.xml:19:13-42
35            android:exported="true" />
35-->src\main\AndroidManifest.xml:20:13-36
36        <activity
36-->src\main\AndroidManifest.xml:21:9-23:39
37            android:name="com.example.a18990063wuxiao.bbs"
37-->src\main\AndroidManifest.xml:22:13-32
38            android:exported="true" />
38-->src\main\AndroidManifest.xml:23:13-36
39        <activity
39-->src\main\AndroidManifest.xml:24:9-26:39
40            android:name="com.example.a18990063wuxiao.Marquee"
40-->src\main\AndroidManifest.xml:25:13-36
41            android:exported="true" />
41-->src\main\AndroidManifest.xml:26:13-36
42        <activity android:name="com.example.a18990063wuxiao.MainActivity" >
42-->src\main\AndroidManifest.xml:27:9-33:20
42-->src\main\AndroidManifest.xml:27:19-47
43            <intent-filter>
43-->src\main\AndroidManifest.xml:28:13-32:29
44                <action android:name="android.intent.action.MAIN" />
44-->src\main\AndroidManifest.xml:29:17-69
44-->src\main\AndroidManifest.xml:29:25-66
45
46                <category android:name="android.intent.category.LAUNCHER" />
46-->src\main\AndroidManifest.xml:31:17-77
46-->src\main\AndroidManifest.xml:31:27-74
47            </intent-filter>
48        </activity>
49    </application>
50
51</manifest>